[2024-09-12 14:38:58,175][kirby.utils.seed_everything][INFO] - Global seed set to 42.
[2024-09-12 14:38:58,230][__main__][INFO] - Data root: /home/yzhang39/project-kirby/data/processed/
[2024-09-12 14:38:58,250][__main__][INFO] - Training on 201 samples
[2024-09-12 14:38:58,251][__main__][INFO] - Training on 184 units
[2024-09-12 14:38:58,251][__main__][INFO] - Training on 1 sessions
[2024-09-12 14:38:58,251][__main__][INFO] - Epochs: 1000
[2024-09-12 14:39:01,004][__main__][INFO] - Local rank/node rank/world size/num nodes: 0/0/1/1
[2024-09-12 14:39:11,913][root][INFO] - Memory info: 
MemTotal:       394805420 kB
MemFree:        352929104 kB
MemAvailable:   380652772 kB
Buffers:         1774892 kB
Cached:         27126468 kB
SwapCached:            0 kB
Active:         17092552 kB
Inactive:       19241296 kB
Active(anon):        756 kB
Inactive(anon):  7715780 kB
Active(file):   17091796 kB
Inactive(file): 11525516 kB
Unevictable:           0 kB
Mlocked:               0 kB
SwapTotal:             0 kB
SwapFree:              0 kB
Dirty:               364 kB
Writeback:           420 kB
AnonPages:       7370764 kB
Mapped:          1745580 kB
Shmem:            284088 kB
KReclaimable:    2547952 kB
Slab:            3760992 kB
SReclaimable:    2547952 kB
SUnreclaim:      1213040 kB
KernelStack:       16768 kB
PageTables:        47312 kB
NFS_Unstable:          0 kB
Bounce:                0 kB
WritebackTmp:          0 kB
CommitLimit:    197402708 kB
Committed_AS:   12841312 kB
VmallocTotal:   34359738367 kB
VmallocUsed:      423100 kB
VmallocChunk:          0 kB
Percpu:           157824 kB
HardwareCorrupted:     0 kB
AnonHugePages:   3176448 kB
ShmemHugePages:        0 kB
ShmemPmdMapped:        0 kB
FileHugePages:         0 kB
FilePmdMapped:         0 kB
HugePages_Total:       0
HugePages_Free:        0
HugePages_Rsvd:        0
HugePages_Surp:        0
Hugepagesize:       2048 kB
Hugetlb:               0 kB
DirectMap4k:    32051564 kB
DirectMap2M:    363917312 kB
DirectMap1G:     7340032 kB

[2024-09-12 14:39:53,703][root][INFO] - Logged 2 val metrics.
[2024-09-12 14:40:40,586][root][INFO] - Logged 2 val metrics.
[2024-09-12 14:41:23,767][root][INFO] - Logged 2 val metrics.
[2024-09-12 14:42:08,758][root][INFO] - Logged 2 val metrics.
[2024-09-12 14:42:58,720][root][INFO] - Logged 2 val metrics.
[2024-09-12 14:43:46,523][root][INFO] - Logged 2 val metrics.
[2024-09-12 14:44:50,904][root][INFO] - Logged 2 val metrics.
[2024-09-12 14:45:35,212][root][INFO] - Logged 2 val metrics.
[2024-09-12 14:46:16,622][root][INFO] - Logged 2 val metrics.
[2024-09-12 14:46:59,227][root][INFO] - Logged 2 val metrics.
[2024-09-12 14:47:41,580][root][INFO] - Logged 2 val metrics.
[2024-09-12 14:48:24,494][root][INFO] - Logged 2 val metrics.
[2024-09-12 14:49:27,148][root][INFO] - Logged 2 val metrics.
[2024-09-12 14:50:09,168][root][INFO] - Logged 2 val metrics.
[2024-09-12 14:50:50,707][root][INFO] - Logged 2 val metrics.
[2024-09-12 14:51:42,233][root][INFO] - Logged 2 val metrics.
[2024-09-12 14:52:23,206][root][INFO] - Logged 2 val metrics.
[2024-09-12 14:53:07,857][root][INFO] - Logged 2 val metrics.
[2024-09-12 14:54:14,311][root][INFO] - Logged 2 val metrics.
[2024-09-12 14:54:56,851][root][INFO] - Logged 2 val metrics.
[2024-09-12 14:55:39,258][root][INFO] - Logged 2 val metrics.
[2024-09-12 14:56:21,683][root][INFO] - Logged 2 val metrics.
[2024-09-12 14:57:01,632][root][INFO] - Logged 2 val metrics.
[2024-09-12 14:57:43,411][root][INFO] - Logged 2 val metrics.
[2024-09-12 14:58:53,109][root][INFO] - Logged 2 val metrics.
[2024-09-12 14:59:31,661][root][INFO] - Logged 2 val metrics.
[2024-09-12 15:00:10,674][root][INFO] - Logged 2 val metrics.
[2024-09-12 15:00:49,347][root][INFO] - Logged 2 val metrics.
[2024-09-12 15:01:27,723][root][INFO] - Logged 2 val metrics.
[2024-09-12 15:02:06,287][root][INFO] - Logged 2 val metrics.
[2024-09-12 15:02:46,307][root][INFO] - Logged 2 val metrics.
[2024-09-12 15:03:26,351][root][INFO] - Logged 2 val metrics.
[2024-09-12 15:04:26,756][root][INFO] - Logged 2 val metrics.
[2024-09-12 15:05:16,143][root][INFO] - Logged 2 val metrics.
[2024-09-12 15:06:03,816][root][INFO] - Logged 2 val metrics.
[2024-09-12 15:06:44,365][root][INFO] - Logged 2 val metrics.
[2024-09-12 15:07:22,954][root][INFO] - Logged 2 val metrics.
[2024-09-12 15:08:02,988][root][INFO] - Logged 2 val metrics.
[2024-09-12 15:08:43,248][root][INFO] - Logged 2 val metrics.
[2024-09-12 15:09:44,431][root][INFO] - Logged 2 val metrics.
[2024-09-12 15:10:23,339][root][INFO] - Logged 2 val metrics.
[2024-09-12 15:11:13,269][root][INFO] - Logged 2 val metrics.
[2024-09-12 15:11:53,466][root][INFO] - Logged 2 val metrics.
[2024-09-12 15:12:33,053][root][INFO] - Logged 2 val metrics.
[2024-09-12 15:13:12,272][root][INFO] - Logged 2 val metrics.
[2024-09-12 15:14:14,753][root][INFO] - Logged 2 val metrics.
[2024-09-12 15:15:02,998][root][INFO] - Logged 2 val metrics.
[2024-09-12 15:15:43,889][root][INFO] - Logged 2 val metrics.
[2024-09-12 15:16:31,781][root][INFO] - Logged 2 val metrics.
[2024-09-12 15:17:10,958][root][INFO] - Logged 2 val metrics.
[2024-09-12 15:17:50,021][root][INFO] - Logged 2 val metrics.
[2024-09-12 15:18:49,683][root][INFO] - Logged 2 val metrics.
[2024-09-12 15:19:28,927][root][INFO] - Logged 2 val metrics.
[2024-09-12 15:20:16,557][root][INFO] - Logged 2 val metrics.
[2024-09-12 15:20:57,700][root][INFO] - Logged 2 val metrics.
[2024-09-12 15:21:57,607][root][INFO] - Logged 2 val metrics.
[2024-09-12 15:22:39,472][root][INFO] - Logged 2 val metrics.
[2024-09-12 15:23:19,245][root][INFO] - Logged 2 val metrics.
[2024-09-12 15:24:00,699][root][INFO] - Logged 2 val metrics.
[2024-09-12 15:24:50,513][root][INFO] - Logged 2 val metrics.
[2024-09-12 15:25:45,470][root][INFO] - Logged 2 val metrics.
[2024-09-12 15:27:03,574][root][INFO] - Logged 2 val metrics.
[2024-09-12 15:27:50,546][root][INFO] - Logged 2 val metrics.
[2024-09-12 15:28:38,521][root][INFO] - Logged 2 val metrics.
[2024-09-12 15:29:23,181][root][INFO] - Logged 2 val metrics.
[2024-09-12 15:30:02,488][root][INFO] - Logged 2 val metrics.
[2024-09-12 15:31:05,011][root][INFO] - Logged 2 val metrics.
[2024-09-12 15:31:53,749][root][INFO] - Logged 2 val metrics.
[2024-09-12 15:32:57,056][root][INFO] - Logged 2 val metrics.
[2024-09-12 15:33:44,599][root][INFO] - Logged 2 val metrics.
[2024-09-12 15:34:29,924][root][INFO] - Logged 2 val metrics.
[2024-09-12 15:35:17,055][root][INFO] - Logged 2 val metrics.
[2024-09-12 15:35:54,111][root][INFO] - Logged 2 val metrics.
[2024-09-12 15:36:58,671][root][INFO] - Logged 2 val metrics.
[2024-09-12 15:37:41,806][root][INFO] - Logged 2 val metrics.
[2024-09-12 15:38:19,246][root][INFO] - Logged 2 val metrics.
[2024-09-12 15:39:02,677][root][INFO] - Logged 2 val metrics.
[2024-09-12 15:39:50,139][root][INFO] - Logged 2 val metrics.
[2024-09-12 15:40:41,174][root][INFO] - Logged 2 val metrics.
[2024-09-12 15:41:28,575][root][INFO] - Logged 2 val metrics.
[2024-09-12 15:42:21,099][root][INFO] - Logged 2 val metrics.
[2024-09-12 15:43:31,776][root][INFO] - Logged 2 val metrics.
[2024-09-12 15:44:19,731][root][INFO] - Logged 2 val metrics.
[2024-09-12 15:45:06,056][root][INFO] - Logged 2 val metrics.
[2024-09-12 15:45:54,875][root][INFO] - Logged 2 val metrics.
[2024-09-12 15:46:40,632][root][INFO] - Logged 2 val metrics.
[2024-09-12 15:47:24,921][root][INFO] - Logged 2 val metrics.
[2024-09-12 15:48:31,472][root][INFO] - Logged 2 val metrics.
[2024-09-12 15:49:11,919][root][INFO] - Logged 2 val metrics.
[2024-09-12 15:49:53,800][root][INFO] - Logged 2 val metrics.
[2024-09-12 15:50:34,127][root][INFO] - Logged 2 val metrics.
[2024-09-12 15:51:15,558][root][INFO] - Logged 2 val metrics.
[2024-09-12 15:51:55,246][root][INFO] - Logged 2 val metrics.
[2024-09-12 15:52:59,101][root][INFO] - Logged 2 val metrics.
[2024-09-12 15:53:40,152][root][INFO] - Logged 2 val metrics.
[2024-09-12 15:54:22,259][root][INFO] - Logged 2 val metrics.
[2024-09-12 15:55:03,427][root][INFO] - Logged 2 val metrics.
[2024-09-12 15:55:44,617][root][INFO] - Logged 2 val metrics.
[2024-09-12 15:56:28,230][root][INFO] - Logged 2 val metrics.
[2024-09-12 15:57:28,489][root][INFO] - Logged 2 val metrics.
